Using pre-set license
Built from '2020.3/release' branch; Version is '2020.3.2f1 (8fd9074bf66c) revision 9427207'; Using compiler version '192528614'; Build Type 'Release'
OS: 'Windows 10 Pro; OS build 19043.1586; Version 2009; 64bit' Language: 'en' Physical Memory: 16272 MB
BatchMode: 1, IsHumanControllingUs: 0, StartBugReporterOnCrash: 0, Is64bit: 1, IsPro: 0

 COMMAND LINE ARGUMENTS:
C:\Program Files\Unity\Hub\Editor\2020.3.2f1\Editor\Unity.exe
-adb2
-batchMode
-noUpm
-name
AssetImportWorker0
-projectPath
C:/Users/lucas_hz836zo/Desktop/Current Projects/Unity Projects/2DMelee
-logFile
Logs/AssetImportWorker0.log
-srvPort
55542
Successfully changed project path to: C:/Users/lucas_hz836zo/Desktop/Current Projects/Unity Projects/2DMelee
C:/Users/lucas_hz836zo/Desktop/Current Projects/Unity Projects/2DMelee
Using Asset Import Pipeline V2.
Refreshing native plugins compatible for Editor in 86.01 ms, found 1 plugins.
Preloading 0 native plugins for Editor in 0.00 ms.
Initialize engine version: 2020.3.2f1 (8fd9074bf66c)
[Subsystems] Discovering subsystems at path C:/Program Files/Unity/Hub/Editor/2020.3.2f1/Editor/Data/Resources/UnitySubsystems
[Subsystems] Discovering subsystems at path C:/Users/lucas_hz836zo/Desktop/Current Projects/Unity Projects/2DMelee/Assets
GfxDevice: creating device client; threaded=0
Direct3D:
    Version:  Direct3D 11.0 [level 11.1]
    Renderer: NVIDIA GeForce GTX 960 (ID=0x1401)
    Vendor:   
    VRAM:     2007 MB
    Driver:   30.0.15.1215
Initialize mono
Mono path[0] = 'C:/Program Files/Unity/Hub/Editor/2020.3.2f1/Editor/Data/Managed'
Mono path[1] = 'C:/Program Files/Unity/Hub/Editor/2020.3.2f1/Editor/Data/MonoBleedingEdge/lib/mono/unityjit'
Mono config path = 'C:/Program Files/Unity/Hub/Editor/2020.3.2f1/Editor/Data/MonoBleedingEdge/etc'
Using monoOptions --debugger-agent=transport=dt_socket,embedding=1,server=y,suspend=n,address=127.0.0.1:56144
Begin MonoManager ReloadAssembly
Registering precompiled unity dll's ...
Register platform support module: C:/Program Files/Unity/Hub/Editor/2020.3.2f1/Editor/Data/PlaybackEngines/WebGLSupport/UnityEditor.WebGL.Extensions.dll
Register platform support module: C:/Program Files/Unity/Hub/Editor/2020.3.2f1/Editor/Data/PlaybackEngines/WindowsStandaloneSupport/UnityEditor.WindowsStandalone.Extensions.dll
Registered in 0.005503 seconds.
Native extension for WindowsStandalone target not found
Native extension for WebGL target not found
Refreshing native plugins compatible for Editor in 104.08 ms, found 1 plugins.
Preloading 0 native plugins for Editor in 0.00 ms.
Invoked RoslynAnalysisRunner static constructor.
RoslynAnalysisRunner will not be running.
RoslynAnalysisRunner has terminated.
Mono: successfully reloaded assembly
- Completed reload, in  2.524 seconds
Platform modules already initialized, skipping
Registering precompiled user dll's ...
Registered in 0.002047 seconds.
Begin MonoManager ReloadAssembly
Native extension for WindowsStandalone target not found
Native extension for WebGL target not found
Refreshing native plugins compatible for Editor in 89.32 ms, found 1 plugins.
Preloading 0 native plugins for Editor in 0.00 ms.
Invoked RoslynAnalysisRunner static constructor.
RoslynAnalysisRunner will not be running.
RoslynAnalysisRunner has terminated.
Mono: successfully reloaded assembly
- Completed reload, in  1.942 seconds
Platform modules already initialized, skipping
========================================================================
Worker process is ready to serve import requests
Launched and connected shader compiler UnityShaderCompiler.exe after 0.07 seconds
Refreshing native plugins compatible for Editor in 0.70 ms, found 1 plugins.
Preloading 0 native plugins for Editor in 0.00 ms.
Unloading 2267 Unused Serialized files (Serialized files now loaded: 0)
System memory in use before: 101.1 MB.
System memory in use after: 65.6 MB.

Unloading 27 unused Assets to reduce memory usage. Loaded Objects now: 2713.
Total: 6.405300 ms (FindLiveObjects: 0.563000 ms CreateObjectMapping: 0.147000 ms MarkObjects: 5.484100 ms  DeleteObjects: 0.210000 ms)

========================================================================
Received Import Request.
  path: Assets/Scripts/Melee/Melee.asmdef
  artifactKey: Guid(6bcb8acac1d7310448b30dd50847d0d1) Importer(815301076,1909f56bfc062723c751e8b465ee728b)
Start importing Assets/Scripts/Melee/Melee.asmdef using Guid(6bcb8acac1d7310448b30dd50847d0d1) Importer(815301076,1909f56bfc062723c751e8b465ee728b)  -> (artifact id: '32e6fdee8b0860d6fb87138bfdfac9e5') in 0.035125 seconds
  Import took 0.040643 seconds .

========================================================================
Received Import Request.
  Time since last request: 43.258255 seconds.
  path: Assets/Scripts/Melee/Melee.asmdef
  artifactKey: Guid(6bcb8acac1d7310448b30dd50847d0d1) Importer(815301076,1909f56bfc062723c751e8b465ee728b)
Start importing Assets/Scripts/Melee/Melee.asmdef using Guid(6bcb8acac1d7310448b30dd50847d0d1) Importer(815301076,1909f56bfc062723c751e8b465ee728b)  -> (artifact id: '69c2e54b84b11d9f57c258fc363d7a78') in 0.010364 seconds
  Import took 0.046055 seconds .

========================================================================
Received Prepare
Registering precompiled user dll's ...
Registered in 0.002079 seconds.
Begin MonoManager ReloadAssembly
Native extension for WindowsStandalone target not found
Native extension for WebGL target not found
Refreshing native plugins compatible for Editor in 1.01 ms, found 1 plugins.
Preloading 0 native plugins for Editor in 0.00 ms.
Invoked RoslynAnalysisRunner static constructor.
RoslynAnalysisRunner will not be running.
RoslynAnalysisRunner has terminated.
Mono: successfully reloaded assembly
- Completed reload, in  1.760 seconds
Platform modules already initialized, skipping
Refreshing native plugins compatible for Editor in 0.73 ms, found 1 plugins.
Preloading 0 native plugins for Editor in 0.00 ms.
Unloading 2260 Unused Serialized files (Serialized files now loaded: 0)
System memory in use before: 101.1 MB.
System memory in use after: 101.1 MB.

Unloading 13 unused Assets to reduce memory usage. Loaded Objects now: 2716.
Total: 3.879500 ms (FindLiveObjects: 0.565700 ms CreateObjectMapping: 0.132900 ms MarkObjects: 2.976200 ms  DeleteObjects: 0.203100 ms)

========================================================================
Received Prepare
Registering precompiled user dll's ...
Registered in 0.004549 seconds.
Begin MonoManager ReloadAssembly
Native extension for WindowsStandalone target not found
Native extension for WebGL target not found
Refreshing native plugins compatible for Editor in 0.76 ms, found 1 plugins.
Preloading 0 native plugins for Editor in 0.00 ms.
Invoked RoslynAnalysisRunner static constructor.
RoslynAnalysisRunner will not be running.
RoslynAnalysisRunner has terminated.
Mono: successfully reloaded assembly
- Completed reload, in  1.866 seconds
Platform modules already initialized, skipping
Refreshing native plugins compatible for Editor in 1.01 ms, found 1 plugins.
Preloading 0 native plugins for Editor in 0.00 ms.
Unloading 2260 Unused Serialized files (Serialized files now loaded: 0)
System memory in use before: 101.2 MB.
System memory in use after: 101.2 MB.

Unloading 13 unused Assets to reduce memory usage. Loaded Objects now: 2719.
Total: 5.205900 ms (FindLiveObjects: 0.668200 ms CreateObjectMapping: 0.140300 ms MarkObjects: 4.201900 ms  DeleteObjects: 0.193600 ms)

========================================================================
Received Import Request.
  Time since last request: 933.417946 seconds.
  path: Assets/Scripts/Melee.Combat/Melee.Combat.asmdef
  artifactKey: Guid(431c594d089bc604fbc7004ba3d07eac) Importer(815301076,1909f56bfc062723c751e8b465ee728b)
Start importing Assets/Scripts/Melee.Combat/Melee.Combat.asmdef using Guid(431c594d089bc604fbc7004ba3d07eac) Importer(815301076,1909f56bfc062723c751e8b465ee728b)  -> (artifact id: 'b89452db6c0c4454e54d0b892343437a') in 0.015743 seconds
  Import took 0.023004 seconds .

========================================================================
Received Import Request.
  Time since last request: 79.653847 seconds.
  path: Assets/Scripts/Melee.Combat/Melee.Combat.asmdef
  artifactKey: Guid(431c594d089bc604fbc7004ba3d07eac) Importer(815301076,1909f56bfc062723c751e8b465ee728b)
Start importing Assets/Scripts/Melee.Combat/Melee.Combat.asmdef using Guid(431c594d089bc604fbc7004ba3d07eac) Importer(815301076,1909f56bfc062723c751e8b465ee728b)  -> (artifact id: '0d288258a04659c1a1a605c4b875c37a') in 0.016566 seconds
  Import took 0.024288 seconds .

========================================================================
Received Prepare
Registering precompiled user dll's ...
Registered in 0.002188 seconds.
Begin MonoManager ReloadAssembly
Native extension for WindowsStandalone target not found
Native extension for WebGL target not found
Refreshing native plugins compatible for Editor in 0.73 ms, found 1 plugins.
Preloading 0 native plugins for Editor in 0.00 ms.
Invoked RoslynAnalysisRunner static constructor.
RoslynAnalysisRunner will not be running.
RoslynAnalysisRunner has terminated.
Mono: successfully reloaded assembly
- Completed reload, in  1.678 seconds
Platform modules already initialized, skipping
Refreshing native plugins compatible for Editor in 0.72 ms, found 1 plugins.
Preloading 0 native plugins for Editor in 0.00 ms.
Unloading 2260 Unused Serialized files (Serialized files now loaded: 0)
System memory in use before: 101.2 MB.
System memory in use after: 101.3 MB.

Unloading 13 unused Assets to reduce memory usage. Loaded Objects now: 2722.
Total: 4.088900 ms (FindLiveObjects: 0.615200 ms CreateObjectMapping: 0.187300 ms MarkObjects: 3.089200 ms  DeleteObjects: 0.195600 ms)

========================================================================
Received Import Request.
  Time since last request: 305.820061 seconds.
  path: Assets/Scripts/Melee/AnimatorController.cs
  artifactKey: Guid(a0dbed168b5b981488e07aa3b2dfcbbf) Importer(815301076,1909f56bfc062723c751e8b465ee728b)
Start importing Assets/Scripts/Melee/AnimatorController.cs using Guid(a0dbed168b5b981488e07aa3b2dfcbbf) Importer(815301076,1909f56bfc062723c751e8b465ee728b)  -> (artifact id: 'bc84e91e6ae94dbcd0b3c90f558c1bdb') in 0.021592 seconds
  Import took 0.028200 seconds .

========================================================================
Received Import Request.
  Time since last request: 3.690501 seconds.
  path: Assets/Scripts/Melee.Player/Movement.cs
  artifactKey: Guid(1be2585180c7dd042866760f60c827da) Importer(815301076,1909f56bfc062723c751e8b465ee728b)
Start importing Assets/Scripts/Melee.Player/Movement.cs using Guid(1be2585180c7dd042866760f60c827da) Importer(815301076,1909f56bfc062723c751e8b465ee728b)  -> (artifact id: '3648080ae296541183958769d8cd90cf') in 0.007828 seconds
  Import took 0.013083 seconds .

========================================================================
Received Import Request.
  Time since last request: 0.004950 seconds.
  path: Assets/Scripts/Melee.Player/Movement.cs
  artifactKey: Guid(1be2585180c7dd042866760f60c827da) Importer(815301076,1909f56bfc062723c751e8b465ee728b)
Start importing Assets/Scripts/Melee.Player/Movement.cs using Guid(1be2585180c7dd042866760f60c827da) Importer(815301076,1909f56bfc062723c751e8b465ee728b)  -> (artifact id: '3648080ae296541183958769d8cd90cf') in 0.008441 seconds
  Import took 0.014721 seconds .

========================================================================
Received Prepare
Registering precompiled user dll's ...
Registered in 0.002005 seconds.
Begin MonoManager ReloadAssembly
Native extension for WindowsStandalone target not found
Native extension for WebGL target not found
Refreshing native plugins compatible for Editor in 0.79 ms, found 1 plugins.
Preloading 0 native plugins for Editor in 0.00 ms.
Invoked RoslynAnalysisRunner static constructor.
RoslynAnalysisRunner will not be running.
RoslynAnalysisRunner has terminated.
Mono: successfully reloaded assembly
- Completed reload, in  1.611 seconds
Platform modules already initialized, skipping
Refreshing native plugins compatible for Editor in 0.74 ms, found 1 plugins.
Preloading 0 native plugins for Editor in 0.00 ms.
Unloading 2260 Unused Serialized files (Serialized files now loaded: 0)
System memory in use before: 101.2 MB.
System memory in use after: 101.3 MB.

Unloading 13 unused Assets to reduce memory usage. Loaded Objects now: 2725.
Total: 4.708600 ms (FindLiveObjects: 0.881800 ms CreateObjectMapping: 0.258600 ms MarkObjects: 3.374100 ms  DeleteObjects: 0.191000 ms)

========================================================================
Received Import Request.
  Time since last request: 180.915389 seconds.
  path: Assets/Scripts/Melee.Player/Melee.Player.asmdef
  artifactKey: Guid(0c5862f516856ba4abebcda94391a2b7) Importer(815301076,1909f56bfc062723c751e8b465ee728b)
Start importing Assets/Scripts/Melee.Player/Melee.Player.asmdef using Guid(0c5862f516856ba4abebcda94391a2b7) Importer(815301076,1909f56bfc062723c751e8b465ee728b)  -> (artifact id: 'c359f986ae569e029512484584474e18') in 0.011390 seconds
  Import took 0.017347 seconds .

========================================================================
Received Import Request.
  Time since last request: 0.036444 seconds.
  path: Assets/Scripts/Melee.Player/Melee.Player.asmdef
  artifactKey: Guid(0c5862f516856ba4abebcda94391a2b7) Importer(815301076,1909f56bfc062723c751e8b465ee728b)
Start importing Assets/Scripts/Melee.Player/Melee.Player.asmdef using Guid(0c5862f516856ba4abebcda94391a2b7) Importer(815301076,1909f56bfc062723c751e8b465ee728b)  -> (artifact id: 'c359f986ae569e029512484584474e18') in 0.006641 seconds
  Import took 0.011579 seconds .

========================================================================
Received Import Request.
  Time since last request: 11.113866 seconds.
  path: Assets/Scripts/Melee.Combat/AttackController.cs
  artifactKey: Guid(bf55b4bf5f009954c846e499f1e8fb1c) Importer(815301076,1909f56bfc062723c751e8b465ee728b)
Start importing Assets/Scripts/Melee.Combat/AttackController.cs using Guid(bf55b4bf5f009954c846e499f1e8fb1c) Importer(815301076,1909f56bfc062723c751e8b465ee728b)  -> (artifact id: '50b8dbe74e9ea7f0bca0fbe946a3057c') in 0.007221 seconds
  Import took 0.012752 seconds .

========================================================================
Received Import Request.
  Time since last request: 0.002330 seconds.
  path: Assets/Scripts/Melee.Combat/AttackController.cs
  artifactKey: Guid(bf55b4bf5f009954c846e499f1e8fb1c) Importer(815301076,1909f56bfc062723c751e8b465ee728b)
Start importing Assets/Scripts/Melee.Combat/AttackController.cs using Guid(bf55b4bf5f009954c846e499f1e8fb1c) Importer(815301076,1909f56bfc062723c751e8b465ee728b)  -> (artifact id: '50b8dbe74e9ea7f0bca0fbe946a3057c') in 0.006190 seconds
  Import took 0.011985 seconds .

========================================================================
Received Import Request.
  Time since last request: 31.981394 seconds.
  path: Assets/Scripts/Melee.Player/Melee.Player.asmdef
  artifactKey: Guid(0c5862f516856ba4abebcda94391a2b7) Importer(815301076,1909f56bfc062723c751e8b465ee728b)
Start importing Assets/Scripts/Melee.Player/Melee.Player.asmdef using Guid(0c5862f516856ba4abebcda94391a2b7) Importer(815301076,1909f56bfc062723c751e8b465ee728b)  -> (artifact id: '8eb64182df7510ebf5ecbddd9a101160') in 0.008478 seconds
  Import took 0.016085 seconds .

========================================================================
Received Prepare
Registering precompiled user dll's ...
Registered in 0.002058 seconds.
Begin MonoManager ReloadAssembly
Native extension for WindowsStandalone target not found
Native extension for WebGL target not found
Refreshing native plugins compatible for Editor in 0.76 ms, found 1 plugins.
Preloading 0 native plugins for Editor in 0.00 ms.
Invoked RoslynAnalysisRunner static constructor.
RoslynAnalysisRunner will not be running.
RoslynAnalysisRunner has terminated.
Mono: successfully reloaded assembly
- Completed reload, in  1.625 seconds
Platform modules already initialized, skipping
Refreshing native plugins compatible for Editor in 0.77 ms, found 1 plugins.
Preloading 0 native plugins for Editor in 0.00 ms.
Unloading 2260 Unused Serialized files (Serialized files now loaded: 0)
System memory in use before: 101.2 MB.
System memory in use after: 101.3 MB.

Unloading 13 unused Assets to reduce memory usage. Loaded Objects now: 2728.
Total: 4.096900 ms (FindLiveObjects: 0.570600 ms CreateObjectMapping: 0.145300 ms MarkObjects: 3.184800 ms  DeleteObjects: 0.193500 ms)

========================================================================
Received Prepare
Registering precompiled user dll's ...
Registered in 0.002339 seconds.
Begin MonoManager ReloadAssembly
Native extension for WindowsStandalone target not found
Native extension for WebGL target not found
Refreshing native plugins compatible for Editor in 0.90 ms, found 1 plugins.
Preloading 0 native plugins for Editor in 0.00 ms.
Invoked RoslynAnalysisRunner static constructor.
RoslynAnalysisRunner will not be running.
RoslynAnalysisRunner has terminated.
Mono: successfully reloaded assembly
- Completed reload, in  1.634 seconds
Platform modules already initialized, skipping
Refreshing native plugins compatible for Editor in 0.84 ms, found 1 plugins.
Preloading 0 native plugins for Editor in 0.00 ms.
Unloading 2260 Unused Serialized files (Serialized files now loaded: 0)
System memory in use before: 101.2 MB.
System memory in use after: 101.3 MB.

Unloading 13 unused Assets to reduce memory usage. Loaded Objects now: 2731.
Total: 4.067100 ms (FindLiveObjects: 0.801800 ms CreateObjectMapping: 0.264100 ms MarkObjects: 2.818700 ms  DeleteObjects: 0.181200 ms)

========================================================================
Received Prepare
Registering precompiled user dll's ...
Registered in 0.002232 seconds.
Begin MonoManager ReloadAssembly
Native extension for WindowsStandalone target not found
Native extension for WebGL target not found
Refreshing native plugins compatible for Editor in 0.78 ms, found 1 plugins.
Preloading 0 native plugins for Editor in 0.00 ms.
Invoked RoslynAnalysisRunner static constructor.
RoslynAnalysisRunner will not be running.
RoslynAnalysisRunner has terminated.
Mono: successfully reloaded assembly
- Completed reload, in  1.535 seconds
Platform modules already initialized, skipping
Refreshing native plugins compatible for Editor in 0.83 ms, found 1 plugins.
Preloading 0 native plugins for Editor in 0.00 ms.
Unloading 2260 Unused Serialized files (Serialized files now loaded: 0)
System memory in use before: 101.2 MB.
System memory in use after: 101.3 MB.

Unloading 13 unused Assets to reduce memory usage. Loaded Objects now: 2734.
Total: 3.630700 ms (FindLiveObjects: 0.508400 ms CreateObjectMapping: 0.141000 ms MarkObjects: 2.806900 ms  DeleteObjects: 0.173100 ms)

========================================================================
Received Import Request.
  Time since last request: 1111.245287 seconds.
  path: Assets/Scripts/Melee/Melee.asmdef
  artifactKey: Guid(6bcb8acac1d7310448b30dd50847d0d1) Importer(815301076,1909f56bfc062723c751e8b465ee728b)
Start importing Assets/Scripts/Melee/Melee.asmdef using Guid(6bcb8acac1d7310448b30dd50847d0d1) Importer(815301076,1909f56bfc062723c751e8b465ee728b)  -> (artifact id: 'df8a9045a4e80ae58082823c5ed41cdc') in 0.011859 seconds
  Import took 0.017473 seconds .

========================================================================
Received Import Request.
  Time since last request: 0.000652 seconds.
  path: Assets/Scripts/Melee/Melee.asmdef
  artifactKey: Guid(6bcb8acac1d7310448b30dd50847d0d1) Importer(815301076,1909f56bfc062723c751e8b465ee728b)
Start importing Assets/Scripts/Melee/Melee.asmdef using Guid(6bcb8acac1d7310448b30dd50847d0d1) Importer(815301076,1909f56bfc062723c751e8b465ee728b)  -> (artifact id: 'df8a9045a4e80ae58082823c5ed41cdc') in 0.006026 seconds
  Import took 0.010865 seconds .

========================================================================
Received Import Request.
  Time since last request: 13.217601 seconds.
  path: Assets/Scripts/Melee.Input/InputController.cs
  artifactKey: Guid(574c280f7871336429748ef130f27a64) Importer(815301076,1909f56bfc062723c751e8b465ee728b)
Start importing Assets/Scripts/Melee.Input/InputController.cs using Guid(574c280f7871336429748ef130f27a64) Importer(815301076,1909f56bfc062723c751e8b465ee728b)  -> (artifact id: '4ece50ca856687bb5e3ecb2721e47831') in 0.007300 seconds
  Import took 0.013736 seconds .

========================================================================
Received Prepare
Registering precompiled user dll's ...
Registered in 0.002030 seconds.
Begin MonoManager ReloadAssembly
Native extension for WindowsStandalone target not found
Native extension for WebGL target not found
Refreshing native plugins compatible for Editor in 0.80 ms, found 1 plugins.
Preloading 0 native plugins for Editor in 0.00 ms.
Invoked RoslynAnalysisRunner static constructor.
RoslynAnalysisRunner will not be running.
RoslynAnalysisRunner has terminated.
Mono: successfully reloaded assembly
- Completed reload, in  1.680 seconds
Platform modules already initialized, skipping
Refreshing native plugins compatible for Editor in 0.78 ms, found 1 plugins.
Preloading 0 native plugins for Editor in 0.00 ms.
Unloading 2260 Unused Serialized files (Serialized files now loaded: 0)
System memory in use before: 101.3 MB.
System memory in use after: 101.3 MB.

Unloading 13 unused Assets to reduce memory usage. Loaded Objects now: 2737.
Total: 3.737900 ms (FindLiveObjects: 0.564300 ms CreateObjectMapping: 0.142200 ms MarkObjects: 2.801600 ms  DeleteObjects: 0.228000 ms)

========================================================================
Received Import Request.
  Time since last request: 76.594099 seconds.
  path: Assets/Scripts/Melee.Input/Melee.Input.asmdef
  artifactKey: Guid(561c32c52f0e2af4a97093a9f174df7a) Importer(815301076,1909f56bfc062723c751e8b465ee728b)
Start importing Assets/Scripts/Melee.Input/Melee.Input.asmdef using Guid(561c32c52f0e2af4a97093a9f174df7a) Importer(815301076,1909f56bfc062723c751e8b465ee728b)  -> (artifact id: '3c6c78bb1e001bc9445ee31aaed3f2ec') in 0.010699 seconds
  Import took 0.016626 seconds .

========================================================================
Received Import Request.
  Time since last request: 0.045357 seconds.
  path: Assets/Scripts/Melee.Input/Melee.Input.asmdef
  artifactKey: Guid(561c32c52f0e2af4a97093a9f174df7a) Importer(815301076,1909f56bfc062723c751e8b465ee728b)
Start importing Assets/Scripts/Melee.Input/Melee.Input.asmdef using Guid(561c32c52f0e2af4a97093a9f174df7a) Importer(815301076,1909f56bfc062723c751e8b465ee728b)  -> (artifact id: '3c6c78bb1e001bc9445ee31aaed3f2ec') in 0.006568 seconds
  Import took 0.012323 seconds .

========================================================================
Received Prepare
Registering precompiled user dll's ...
Registered in 0.002032 seconds.
Begin MonoManager ReloadAssembly
Native extension for WindowsStandalone target not found
Native extension for WebGL target not found
Refreshing native plugins compatible for Editor in 0.76 ms, found 1 plugins.
Preloading 0 native plugins for Editor in 0.00 ms.
Invoked RoslynAnalysisRunner static constructor.
RoslynAnalysisRunner will not be running.
RoslynAnalysisRunner has terminated.
Mono: successfully reloaded assembly
- Completed reload, in  1.685 seconds
Platform modules already initialized, skipping
Refreshing native plugins compatible for Editor in 0.75 ms, found 1 plugins.
Preloading 0 native plugins for Editor in 0.00 ms.
Unloading 2260 Unused Serialized files (Serialized files now loaded: 0)
System memory in use before: 101.3 MB.
System memory in use after: 101.3 MB.

Unloading 13 unused Assets to reduce memory usage. Loaded Objects now: 2740.
Total: 4.571000 ms (FindLiveObjects: 0.556200 ms CreateObjectMapping: 0.371100 ms MarkObjects: 3.458500 ms  DeleteObjects: 0.183800 ms)

========================================================================
Received Prepare
Registering precompiled user dll's ...
Registered in 0.002368 seconds.
Begin MonoManager ReloadAssembly
Native extension for WindowsStandalone target not found
Native extension for WebGL target not found
Refreshing native plugins compatible for Editor in 0.77 ms, found 1 plugins.
Preloading 0 native plugins for Editor in 0.00 ms.
Invoked RoslynAnalysisRunner static constructor.
RoslynAnalysisRunner will not be running.
RoslynAnalysisRunner has terminated.
Mono: successfully reloaded assembly
- Completed reload, in  1.599 seconds
Platform modules already initialized, skipping
Refreshing native plugins compatible for Editor in 0.75 ms, found 1 plugins.
Preloading 0 native plugins for Editor in 0.00 ms.
Unloading 2260 Unused Serialized files (Serialized files now loaded: 0)
System memory in use before: 101.3 MB.
System memory in use after: 101.3 MB.

Unloading 13 unused Assets to reduce memory usage. Loaded Objects now: 2743.
Total: 3.762400 ms (FindLiveObjects: 0.559100 ms CreateObjectMapping: 0.141900 ms MarkObjects: 2.762500 ms  DeleteObjects: 0.295500 ms)

========================================================================
Received Prepare
Registering precompiled user dll's ...
Registered in 0.003582 seconds.
Begin MonoManager ReloadAssembly
Native extension for WindowsStandalone target not found
Native extension for WebGL target not found
Refreshing native plugins compatible for Editor in 0.82 ms, found 1 plugins.
Preloading 0 native plugins for Editor in 0.00 ms.
Invoked RoslynAnalysisRunner static constructor.
RoslynAnalysisRunner will not be running.
RoslynAnalysisRunner has terminated.
Mono: successfully reloaded assembly
- Completed reload, in  1.597 seconds
Platform modules already initialized, skipping
Refreshing native plugins compatible for Editor in 0.75 ms, found 1 plugins.
Preloading 0 native plugins for Editor in 0.00 ms.
Unloading 2260 Unused Serialized files (Serialized files now loaded: 0)
System memory in use before: 101.3 MB.
System memory in use after: 101.4 MB.

Unloading 13 unused Assets to reduce memory usage. Loaded Objects now: 2746.
Total: 3.752100 ms (FindLiveObjects: 0.557000 ms CreateObjectMapping: 0.152000 ms MarkObjects: 2.862400 ms  DeleteObjects: 0.179100 ms)

========================================================================
Received Prepare
Registering precompiled user dll's ...
Registered in 0.002335 seconds.
Begin MonoManager ReloadAssembly
Native extension for WindowsStandalone target not found
Native extension for WebGL target not found
Refreshing native plugins compatible for Editor in 0.77 ms, found 1 plugins.
Preloading 0 native plugins for Editor in 0.00 ms.
Invoked RoslynAnalysisRunner static constructor.
RoslynAnalysisRunner will not be running.
RoslynAnalysisRunner has terminated.
Mono: successfully reloaded assembly
- Completed reload, in  1.578 seconds
Platform modules already initialized, skipping
Refreshing native plugins compatible for Editor in 0.76 ms, found 1 plugins.
Preloading 0 native plugins for Editor in 0.00 ms.
Unloading 2260 Unused Serialized files (Serialized files now loaded: 0)
System memory in use before: 101.3 MB.
System memory in use after: 101.4 MB.

Unloading 13 unused Assets to reduce memory usage. Loaded Objects now: 2749.
Total: 3.791700 ms (FindLiveObjects: 0.547300 ms CreateObjectMapping: 0.170300 ms MarkObjects: 2.868300 ms  DeleteObjects: 0.204500 ms)

========================================================================
Received Prepare
Registering precompiled user dll's ...
Registered in 0.002812 seconds.
Begin MonoManager ReloadAssembly
Native extension for WindowsStandalone target not found
Native extension for WebGL target not found
Refreshing native plugins compatible for Editor in 0.77 ms, found 1 plugins.
Preloading 0 native plugins for Editor in 0.00 ms.
Invoked RoslynAnalysisRunner static constructor.
RoslynAnalysisRunner will not be running.
RoslynAnalysisRunner has terminated.
Mono: successfully reloaded assembly
- Completed reload, in  1.648 seconds
Platform modules already initialized, skipping
Refreshing native plugins compatible for Editor in 0.72 ms, found 1 plugins.
Preloading 0 native plugins for Editor in 0.00 ms.
Unloading 2260 Unused Serialized files (Serialized files now loaded: 0)
System memory in use before: 101.3 MB.
System memory in use after: 101.4 MB.

Unloading 13 unused Assets to reduce memory usage. Loaded Objects now: 2752.
Total: 3.728900 ms (FindLiveObjects: 0.547400 ms CreateObjectMapping: 0.144700 ms MarkObjects: 2.856800 ms  DeleteObjects: 0.178500 ms)

========================================================================
Received Prepare
Registering precompiled user dll's ...
Registered in 0.004436 seconds.
Begin MonoManager ReloadAssembly
Native extension for WindowsStandalone target not found
Native extension for WebGL target not found
Refreshing native plugins compatible for Editor in 1.08 ms, found 1 plugins.
Preloading 0 native plugins for Editor in 0.00 ms.
Invoked RoslynAnalysisRunner static constructor.
RoslynAnalysisRunner will not be running.
RoslynAnalysisRunner has terminated.
Mono: successfully reloaded assembly
- Completed reload, in  2.561 seconds
Platform modules already initialized, skipping
Refreshing native plugins compatible for Editor in 1.02 ms, found 1 plugins.
Preloading 0 native plugins for Editor in 0.00 ms.
Unloading 2260 Unused Serialized files (Serialized files now loaded: 0)
System memory in use before: 101.3 MB.
System memory in use after: 101.4 MB.

Unloading 13 unused Assets to reduce memory usage. Loaded Objects now: 2755.
Total: 4.181800 ms (FindLiveObjects: 0.875900 ms CreateObjectMapping: 0.282200 ms MarkObjects: 2.792200 ms  DeleteObjects: 0.229200 ms)

========================================================================
Received Prepare
Registering precompiled user dll's ...
Registered in 0.002325 seconds.
Begin MonoManager ReloadAssembly
Native extension for WindowsStandalone target not found
Native extension for WebGL target not found
Refreshing native plugins compatible for Editor in 0.82 ms, found 1 plugins.
Preloading 0 native plugins for Editor in 0.00 ms.
Invoked RoslynAnalysisRunner static constructor.
RoslynAnalysisRunner will not be running.
RoslynAnalysisRunner has terminated.
Mono: successfully reloaded assembly
- Completed reload, in  1.755 seconds
Platform modules already initialized, skipping
Refreshing native plugins compatible for Editor in 0.96 ms, found 1 plugins.
Preloading 0 native plugins for Editor in 0.00 ms.
Unloading 2260 Unused Serialized files (Serialized files now loaded: 0)
System memory in use before: 101.3 MB.
System memory in use after: 101.4 MB.

Unloading 13 unused Assets to reduce memory usage. Loaded Objects now: 2758.
Total: 16.825400 ms (FindLiveObjects: 0.690600 ms CreateObjectMapping: 0.223400 ms MarkObjects: 15.331900 ms  DeleteObjects: 0.575500 ms)

========================================================================
Received Prepare
Registering precompiled user dll's ...
Registered in 0.002670 seconds.
Begin MonoManager ReloadAssembly
Native extension for WindowsStandalone target not found
Native extension for WebGL target not found
Refreshing native plugins compatible for Editor in 0.76 ms, found 1 plugins.
Preloading 0 native plugins for Editor in 0.00 ms.
Invoked RoslynAnalysisRunner static constructor.
RoslynAnalysisRunner will not be running.
RoslynAnalysisRunner has terminated.
Mono: successfully reloaded assembly
- Completed reload, in  1.630 seconds
Platform modules already initialized, skipping
Refreshing native plugins compatible for Editor in 0.76 ms, found 1 plugins.
Preloading 0 native plugins for Editor in 0.00 ms.
Unloading 2260 Unused Serialized files (Serialized files now loaded: 0)
System memory in use before: 101.3 MB.
System memory in use after: 101.4 MB.

Unloading 13 unused Assets to reduce memory usage. Loaded Objects now: 2761.
Total: 4.156700 ms (FindLiveObjects: 0.569500 ms CreateObjectMapping: 0.172300 ms MarkObjects: 3.227200 ms  DeleteObjects: 0.185500 ms)

========================================================================
Received Prepare
Registering precompiled user dll's ...
Registered in 0.003696 seconds.
Begin MonoManager ReloadAssembly
Native extension for WindowsStandalone target not found
Native extension for WebGL target not found
Refreshing native plugins compatible for Editor in 0.77 ms, found 1 plugins.
Preloading 0 native plugins for Editor in 0.00 ms.
Invoked RoslynAnalysisRunner static constructor.
RoslynAnalysisRunner will not be running.
RoslynAnalysisRunner has terminated.
Mono: successfully reloaded assembly
- Completed reload, in  1.627 seconds
Platform modules already initialized, skipping
Refreshing native plugins compatible for Editor in 0.71 ms, found 1 plugins.
Preloading 0 native plugins for Editor in 0.00 ms.
Unloading 2260 Unused Serialized files (Serialized files now loaded: 0)
System memory in use before: 101.3 MB.
System memory in use after: 101.4 MB.

Unloading 13 unused Assets to reduce memory usage. Loaded Objects now: 2764.
Total: 3.689200 ms (FindLiveObjects: 0.534100 ms CreateObjectMapping: 0.172500 ms MarkObjects: 2.804400 ms  DeleteObjects: 0.176700 ms)

========================================================================
Received Prepare
Registering precompiled user dll's ...
Registered in 0.002039 seconds.
Begin MonoManager ReloadAssembly
Native extension for WindowsStandalone target not found
Native extension for WebGL target not found
Refreshing native plugins compatible for Editor in 0.80 ms, found 1 plugins.
Preloading 0 native plugins for Editor in 0.00 ms.
Invoked RoslynAnalysisRunner static constructor.
RoslynAnalysisRunner will not be running.
RoslynAnalysisRunner has terminated.
Mono: successfully reloaded assembly
- Completed reload, in  1.516 seconds
Platform modules already initialized, skipping
Refreshing native plugins compatible for Editor in 0.72 ms, found 1 plugins.
Preloading 0 native plugins for Editor in 0.00 ms.
Unloading 2260 Unused Serialized files (Serialized files now loaded: 0)
System memory in use before: 101.3 MB.
System memory in use after: 101.4 MB.

Unloading 13 unused Assets to reduce memory usage. Loaded Objects now: 2767.
Total: 3.653300 ms (FindLiveObjects: 0.522200 ms CreateObjectMapping: 0.146100 ms MarkObjects: 2.786700 ms  DeleteObjects: 0.196800 ms)

========================================================================
Received Prepare
Registering precompiled user dll's ...
Registered in 0.002430 seconds.
Begin MonoManager ReloadAssembly
Native extension for WindowsStandalone target not found
Native extension for WebGL target not found
Refreshing native plugins compatible for Editor in 0.77 ms, found 1 plugins.
Preloading 0 native plugins for Editor in 0.00 ms.
Invoked RoslynAnalysisRunner static constructor.
RoslynAnalysisRunner will not be running.
RoslynAnalysisRunner has terminated.
Mono: successfully reloaded assembly
- Completed reload, in  1.619 seconds
Platform modules already initialized, skipping
Refreshing native plugins compatible for Editor in 0.80 ms, found 1 plugins.
Preloading 0 native plugins for Editor in 0.01 ms.
Unloading 2260 Unused Serialized files (Serialized files now loaded: 0)
System memory in use before: 101.4 MB.
System memory in use after: 101.4 MB.

Unloading 13 unused Assets to reduce memory usage. Loaded Objects now: 2770.
Total: 4.719400 ms (FindLiveObjects: 0.593400 ms CreateObjectMapping: 0.159500 ms MarkObjects: 3.703500 ms  DeleteObjects: 0.260900 ms)

========================================================================
Received Prepare
Registering precompiled user dll's ...
Registered in 0.002196 seconds.
Begin MonoManager ReloadAssembly
Native extension for WindowsStandalone target not found
Native extension for WebGL target not found
Refreshing native plugins compatible for Editor in 0.90 ms, found 1 plugins.
Preloading 0 native plugins for Editor in 0.00 ms.
Invoked RoslynAnalysisRunner static constructor.
RoslynAnalysisRunner will not be running.
RoslynAnalysisRunner has terminated.
Mono: successfully reloaded assembly
- Completed reload, in  1.546 seconds
Platform modules already initialized, skipping
Refreshing native plugins compatible for Editor in 0.92 ms, found 1 plugins.
Preloading 0 native plugins for Editor in 0.00 ms.
Unloading 2260 Unused Serialized files (Serialized files now loaded: 0)
System memory in use before: 101.4 MB.
System memory in use after: 101.4 MB.

Unloading 13 unused Assets to reduce memory usage. Loaded Objects now: 2773.
Total: 3.934400 ms (FindLiveObjects: 0.588500 ms CreateObjectMapping: 0.164600 ms MarkObjects: 3.006400 ms  DeleteObjects: 0.171100 ms)

========================================================================
Received Prepare
Registering precompiled user dll's ...
Registered in 0.002364 seconds.
Begin MonoManager ReloadAssembly
Native extension for WindowsStandalone target not found
Native extension for WebGL target not found
Refreshing native plugins compatible for Editor in 0.88 ms, found 1 plugins.
Preloading 0 native plugins for Editor in 0.00 ms.
Invoked RoslynAnalysisRunner static constructor.
RoslynAnalysisRunner will not be running.
RoslynAnalysisRunner has terminated.
Mono: successfully reloaded assembly
- Completed reload, in  1.540 seconds
Platform modules already initialized, skipping
Refreshing native plugins compatible for Editor in 0.75 ms, found 1 plugins.
Preloading 0 native plugins for Editor in 0.00 ms.
Unloading 2260 Unused Serialized files (Serialized files now loaded: 0)
System memory in use before: 101.4 MB.
System memory in use after: 101.5 MB.

Unloading 13 unused Assets to reduce memory usage. Loaded Objects now: 2776.
Total: 3.548900 ms (FindLiveObjects: 0.522100 ms CreateObjectMapping: 0.148100 ms MarkObjects: 2.703500 ms  DeleteObjects: 0.173700 ms)

========================================================================
Received Import Request.
  Time since last request: 766.723937 seconds.
  path: Assets/Scripts/Melee.Player/Movement.cs
  artifactKey: Guid(1be2585180c7dd042866760f60c827da) Importer(815301076,1909f56bfc062723c751e8b465ee728b)
Start importing Assets/Scripts/Melee.Player/Movement.cs using Guid(1be2585180c7dd042866760f60c827da) Importer(815301076,1909f56bfc062723c751e8b465ee728b)  -> (artifact id: 'a1b26731433a8edb8e233d1697a9f24f') in 0.016726 seconds
  Import took 0.022793 seconds .

========================================================================
Received Import Request.
  Time since last request: 30.988522 seconds.
  path: Assets/Scripts/Melee.Player/Movement.cs
  artifactKey: Guid(1be2585180c7dd042866760f60c827da) Importer(815301076,1909f56bfc062723c751e8b465ee728b)
Start importing Assets/Scripts/Melee.Player/Movement.cs using Guid(1be2585180c7dd042866760f60c827da) Importer(815301076,1909f56bfc062723c751e8b465ee728b)  -> (artifact id: '202f95a8cf94a3ff4cf5cc78d37d98c5') in 0.006618 seconds
  Import took 0.012891 seconds .

========================================================================
Received Prepare
Registering precompiled user dll's ...
Registered in 0.003151 seconds.
Begin MonoManager ReloadAssembly
Native extension for WindowsStandalone target not found
Native extension for WebGL target not found
Refreshing native plugins compatible for Editor in 0.95 ms, found 1 plugins.
Preloading 0 native plugins for Editor in 0.00 ms.
Invoked RoslynAnalysisRunner static constructor.
RoslynAnalysisRunner will not be running.
RoslynAnalysisRunner has terminated.
Mono: successfully reloaded assembly
- Completed reload, in  1.896 seconds
Platform modules already initialized, skipping
Refreshing native plugins compatible for Editor in 0.72 ms, found 1 plugins.
Preloading 0 native plugins for Editor in 0.00 ms.
Unloading 2260 Unused Serialized files (Serialized files now loaded: 0)
System memory in use before: 101.4 MB.
System memory in use after: 101.5 MB.

Unloading 13 unused Assets to reduce memory usage. Loaded Objects now: 2779.
Total: 4.135700 ms (FindLiveObjects: 0.549300 ms CreateObjectMapping: 0.142200 ms MarkObjects: 3.259500 ms  DeleteObjects: 0.181600 ms)

========================================================================
Received Prepare
Registering precompiled user dll's ...
Registered in 0.002442 seconds.
Begin MonoManager ReloadAssembly
Native extension for WindowsStandalone target not found
Native extension for WebGL target not found
Refreshing native plugins compatible for Editor in 0.74 ms, found 1 plugins.
Preloading 0 native plugins for Editor in 0.00 ms.
Invoked RoslynAnalysisRunner static constructor.
RoslynAnalysisRunner will not be running.
RoslynAnalysisRunner has terminated.
Mono: successfully reloaded assembly
- Completed reload, in  1.557 seconds
Platform modules already initialized, skipping
Refreshing native plugins compatible for Editor in 0.75 ms, found 1 plugins.
Preloading 0 native plugins for Editor in 0.00 ms.
Unloading 2260 Unused Serialized files (Serialized files now loaded: 0)
System memory in use before: 101.4 MB.
System memory in use after: 101.5 MB.

Unloading 13 unused Assets to reduce memory usage. Loaded Objects now: 2782.
Total: 3.633500 ms (FindLiveObjects: 0.539200 ms CreateObjectMapping: 0.149200 ms MarkObjects: 2.756700 ms  DeleteObjects: 0.186700 ms)

========================================================================
Received Import Request.
  Time since last request: 463.475470 seconds.
  path: Assets/Scripts/Melee.Input/InputController.cs
  artifactKey: Guid(574c280f7871336429748ef130f27a64) Importer(815301076,1909f56bfc062723c751e8b465ee728b)
Start importing Assets/Scripts/Melee.Input/InputController.cs using Guid(574c280f7871336429748ef130f27a64) Importer(815301076,1909f56bfc062723c751e8b465ee728b)  -> (artifact id: '1bee2158026917e79b21c90dba3fb9c7') in 0.010364 seconds
  Import took 0.016904 seconds .

========================================================================
Received Prepare
Registering precompiled user dll's ...
Registered in 0.002017 seconds.
Begin MonoManager ReloadAssembly
Native extension for WindowsStandalone target not found
Native extension for WebGL target not found
Refreshing native plugins compatible for Editor in 0.77 ms, found 1 plugins.
Preloading 0 native plugins for Editor in 0.00 ms.
Invoked RoslynAnalysisRunner static constructor.
RoslynAnalysisRunner will not be running.
RoslynAnalysisRunner has terminated.
Mono: successfully reloaded assembly
- Completed reload, in  1.678 seconds
Platform modules already initialized, skipping
Refreshing native plugins compatible for Editor in 0.73 ms, found 1 plugins.
Preloading 0 native plugins for Editor in 0.00 ms.
Unloading 2260 Unused Serialized files (Serialized files now loaded: 0)
System memory in use before: 101.4 MB.
System memory in use after: 101.5 MB.

Unloading 13 unused Assets to reduce memory usage. Loaded Objects now: 2785.
Total: 3.595400 ms (FindLiveObjects: 0.519800 ms CreateObjectMapping: 0.142800 ms MarkObjects: 2.723500 ms  DeleteObjects: 0.207800 ms)

========================================================================
Received Import Request.
  Time since last request: 439.132427 seconds.
  path: Assets/Scripts/Melee.Input/PlayerControls.cs
  artifactKey: Guid(36f1875563e407f409bf4a03c055b793) Importer(815301076,1909f56bfc062723c751e8b465ee728b)
Start importing Assets/Scripts/Melee.Input/PlayerControls.cs using Guid(36f1875563e407f409bf4a03c055b793) Importer(815301076,1909f56bfc062723c751e8b465ee728b)  -> (artifact id: '3ddb1740d730fffbb3e2d56616df36dd') in 0.011286 seconds
  Import took 0.016851 seconds .

========================================================================
Received Import Request.
  Time since last request: 44.639095 seconds.
  path: Assets/Scripts/Melee.Input/PlayerControls.cs
  artifactKey: Guid(36f1875563e407f409bf4a03c055b793) Importer(815301076,1909f56bfc062723c751e8b465ee728b)
Start importing Assets/Scripts/Melee.Input/PlayerControls.cs using Guid(36f1875563e407f409bf4a03c055b793) Importer(815301076,1909f56bfc062723c751e8b465ee728b)  -> (artifact id: '9f41e44ff33c5231c8c84a0595a54614') in 0.005983 seconds
  Import took 0.011391 seconds .

========================================================================
Received Import Request.
  Time since last request: 0.003302 seconds.
  path: Assets/Scripts/Melee.Input/PlayerControls.cs
  artifactKey: Guid(36f1875563e407f409bf4a03c055b793) Importer(815301076,1909f56bfc062723c751e8b465ee728b)
Start importing Assets/Scripts/Melee.Input/PlayerControls.cs using Guid(36f1875563e407f409bf4a03c055b793) Importer(815301076,1909f56bfc062723c751e8b465ee728b)  -> (artifact id: '9f41e44ff33c5231c8c84a0595a54614') in 0.005983 seconds
  Import took 0.011163 seconds .

========================================================================
Received Prepare
Registering precompiled user dll's ...
Registered in 0.002060 seconds.
Begin MonoManager ReloadAssembly
Native extension for WindowsStandalone target not found
Native extension for WebGL target not found
Refreshing native plugins compatible for Editor in 0.76 ms, found 1 plugins.
Preloading 0 native plugins for Editor in 0.00 ms.
Invoked RoslynAnalysisRunner static constructor.
RoslynAnalysisRunner will not be running.
RoslynAnalysisRunner has terminated.
Mono: successfully reloaded assembly
- Completed reload, in  1.549 seconds
Platform modules already initialized, skipping
Refreshing native plugins compatible for Editor in 0.75 ms, found 1 plugins.
Preloading 0 native plugins for Editor in 0.00 ms.
Unloading 2260 Unused Serialized files (Serialized files now loaded: 0)
System memory in use before: 101.4 MB.
System memory in use after: 101.5 MB.

Unloading 13 unused Assets to reduce memory usage. Loaded Objects now: 2788.
Total: 3.653900 ms (FindLiveObjects: 0.535700 ms CreateObjectMapping: 0.146400 ms MarkObjects: 2.788800 ms  DeleteObjects: 0.181400 ms)

AssetImportWorkerClient::OnTransportError - code=2 error=End of file
